<?xml version="1.0" encoding="UTF-8"?>
<!-- Generated by org.testng.reporters.JUnitReportReporter -->
<testsuite skipped="0" hostname="DESKTOP-RTS8LFV" name="restassured.Postclass2" tests="1" failures="0" timestamp="2019-12-28T17:15:39 IST" time="12.968" errors="0">
  <testcase name="getAll" time="12.968" classname="restassured.Postclass2"/>
  <system-out/>
</testsuite> <!-- restassured.Postclass2 -->
