<?xml version="1.0" encoding="UTF-8"?>
<!-- Generated by org.testng.reporters.JUnitReportReporter -->
<testsuite skipped="0" hostname="DESKTOP-RTS8LFV" name="jira.GetallChangeReqclass" tests="1" failures="0" timestamp="2019-12-28T19:20:29 IST" time="12.220" errors="0">
  <testcase name="getAll" time="12.220" classname="jira.GetallChangeReqclass"/>
  <system-out/>
</testsuite> <!-- jira.GetallChangeReqclass -->
