<?xml version="1.0" encoding="UTF-8"?>
<!-- Generated by org.testng.reporters.JUnitReportReporter -->
<testsuite skipped="0" hostname="DESKTOP-RTS8LFV" name="jira.CreateIssue" tests="1" failures="0" timestamp="2019-12-28T19:18:50 IST" time="20.295" errors="0">
  <testcase name="getAll" time="20.295" classname="jira.CreateIssue"/>
  <system-out/>
</testsuite> <!-- jira.CreateIssue -->
