<?xml version="1.0" encoding="UTF-8"?>
<!-- Generated by org.testng.reporters.JUnitReportReporter -->
<testsuite skipped="0" hostname="DESKTOP-RTS8LFV" name="jira.Deleteissue" tests="1" failures="0" timestamp="2019-12-28T19:36:00 IST" time="8.897" errors="0">
  <testcase name="getAll" time="8.897" classname="jira.Deleteissue"/>
  <system-out/>
</testsuite> <!-- jira.Deleteissue -->
