<?xml version="1.0" encoding="UTF-8"?>
<!-- Generated by org.testng.reporters.JUnitReportReporter -->
<testsuite skipped="0" hostname="DESKTOP-RTS8LFV" name="restassured.GetallChangeReq" tests="1" failures="0" timestamp="2019-12-28T11:09:12 IST" time="14.142" errors="0">
  <testcase name="getAll" time="14.142" classname="restassured.GetallChangeReq"/>
  <system-out/>
</testsuite> <!-- restassured.GetallChangeReq -->
