<?xml version="1.0" encoding="UTF-8"?>
<!-- Generated by org.testng.reporters.JUnitReportReporter -->
<testsuite skipped="0" hostname="DESKTOP-RTS8LFV" name="restassured.GetallChangeReqclass" tests="1" failures="0" timestamp="2019-12-28T12:27:57 IST" time="16.762" errors="0">
  <testcase name="getAll" time="16.762" classname="restassured.GetallChangeReqclass"/>
  <system-out/>
</testsuite> <!-- restassured.GetallChangeReqclass -->
